# JRE version: OpenJDK Runtime Environment Temurin-17.0.10+7 (17.0.10+7) (build 17.0.10+7)
# Java VM: OpenJDK 64-Bit Server VM Temurin-17.0.10+7 (17.0.10+7, mixed mode, tiered, compressed oops, compressed class ptrs, parallel gc, windows-amd64)
GC Precious Log:
 CPUs: 4 total, 4 available
 Memory: 10142M
 Large Page Support: Disabled
 NUMA Support: Disabled
 Compressed Oops: Enabled (32-bit)
 Alignments: Space 512K, Generation 512K, Heap 2M
 Heap Min Capacity: 100M
 Heap Initial Capacity: 100M
 Heap Max Capacity: 1G
 Pre-touch: Disabled
 Parallel Workers: 4
Heap:
 PSYoungGen      total 26112K, used 2543K [0x00000000eab00000, 0x00000000ecf00000, 0x0000000100000000)
  eden space 23552K, 0% used [0x00000000eab00000,0x00000000eab00000,0x00000000ec200000)
  from space 2560K, 99% used [0x00000000ec200000,0x00000000ec47be08,0x00000000ec480000)
  to   space 6656K, 0% used [0x00000000ec880000,0x00000000ec880000,0x00000000ecf00000)
 ParOldGen       total 129024K, used 128726K [0x00000000c0000000, 0x00000000c7e00000, 0x00000000eab00000)
  object space 129024K, 99% used [0x00000000c0000000,0x00000000c7db59f8,0x00000000c7e00000)
 Metaspace       used 88550K, committed 89728K, reserved 1179648K
  class space    used 8949K, committed 9408K, reserved 1048576K
GC Heap History (20 events):
Event: 5909.428 GC heap after
{Heap after GC invocations=1753 (full 37):
 PSYoungGen      total 24576K, used 512K [0x00000000eab00000, 0x00000000ec800000, 0x0000000100000000)
  eden space 24064K, 0% used [0x00000000eab00000,0x00000000eab00000,0x00000000ec280000)
  from space 512K, 100% used [0x00000000ec780000,0x00000000ec800000,0x00000000ec800000)
  to   space 2048K, 0% used [0x00000000ec400000,0x00000000ec400000,0x00000000ec600000)
 ParOldGen       total 126976K, used 123270K [0x00000000c0000000, 0x00000000c7c00000, 0x00000000eab00000)
  object space 126976K, 97% used [0x00000000c0000000,0x00000000c78618e0,0x00000000c7c00000)
 Metaspace       used 88451K, committed 89600K, reserved 1179648K
  class space    used 8949K, committed 9408K, reserved 1048576K
}
Event: 5909.487 GC heap before
{Heap before GC invocations=1754 (full 37):
 PSYoungGen      total 24576K, used 23039K [0x00000000eab00000, 0x00000000ec800000, 0x0000000100000000)
  eden space 24064K, 93% used [0x00000000eab00000,0x00000000ec0ffd50,0x00000000ec280000)
  from space 512K, 100% used [0x00000000ec780000,0x00000000ec800000,0x00000000ec800000)
  to   space 2048K, 0% used [0x00000000ec400000,0x00000000ec400000,0x00000000ec600000)
 ParOldGen       total 126976K, used 123270K [0x00000000c0000000, 0x00000000c7c00000, 0x00000000eab00000)
  object space 126976K, 97% used [0x00000000c0000000,0x00000000c78618e0,0x00000000c7c00000)
 Metaspace       used 88451K, committed 89600K, reserved 1179648K
  class space    used 8949K, committed 9408K, reserved 1048576K
}
Event: 5909.489 GC heap after
{Heap after GC invocations=1754 (full 37):
 PSYoungGen      total 26112K, used 1104K [0x00000000eab00000, 0x00000000ec800000, 0x0000000100000000)
  eden space 24064K, 0% used [0x00000000eab00000,0x00000000eab00000,0x00000000ec280000)
  from space 2048K, 53% used [0x00000000ec400000,0x00000000ec514030,0x00000000ec600000)
  to   space 1536K, 0% used [0x00000000ec680000,0x00000000ec680000,0x00000000ec800000)
 ParOldGen       total 126976K, used 123404K [0x00000000c0000000, 0x00000000c7c00000, 0x00000000eab00000)
  object space 126976K, 97% used [0x00000000c0000000,0x00000000c7883320,0x00000000c7c00000)
 Metaspace       used 88451K, committed 89600K, reserved 1179648K
  class space    used 8949K, committed 9408K, reserved 1048576K
}
Event: 5909.539 GC heap before
{Heap before GC invocations=1755 (full 37):
 PSYoungGen      total 26112K, used 24747K [0x00000000eab00000, 0x00000000ec800000, 0x0000000100000000)
  eden space 24064K, 98% used [0x00000000eab00000,0x00000000ec216c58,0x00000000ec280000)
  from space 2048K, 53% used [0x00000000ec400000,0x00000000ec514030,0x00000000ec600000)
  to   space 1536K, 0% used [0x00000000ec680000,0x00000000ec680000,0x00000000ec800000)
 ParOldGen       total 126976K, used 123404K [0x00000000c0000000, 0x00000000c7c00000, 0x00000000eab00000)
  object space 126976K, 97% used [0x00000000c0000000,0x00000000c7883320,0x00000000c7c00000)
 Metaspace       used 88451K, committed 89600K, reserved 1179648K
  class space    used 8949K, committed 9408K, reserved 1048576K
}
Event: 5909.540 GC heap after
{Heap after GC invocations=1755 (full 37):
 PSYoungGen      total 25600K, used 1088K [0x00000000eab00000, 0x00000000ec800000, 0x0000000100000000)
  eden space 24064K, 0% used [0x00000000eab00000,0x00000000eab00000,0x00000000ec280000)
  from space 1536K, 70% used [0x00000000ec680000,0x00000000ec790020,0x00000000ec800000)
  to   space 1536K, 0% used [0x00000000ec500000,0x00000000ec500000,0x00000000ec680000)
 ParOldGen       total 126976K, used 123404K [0x00000000c0000000, 0x00000000c7c00000, 0x00000000eab00000)
  object space 126976K, 97% used [0x00000000c0000000,0x00000000c7883320,0x00000000c7c00000)
 Metaspace       used 88451K, committed 89600K, reserved 1179648K
  class space    used 8949K, committed 9408K, reserved 1048576K
}
Event: 5909.590 GC heap before
{Heap before GC invocations=1756 (full 37):
 PSYoungGen      total 25600K, used 25152K [0x00000000eab00000, 0x00000000ec800000, 0x0000000100000000)
  eden space 24064K, 100% used [0x00000000eab00000,0x00000000ec280000,0x00000000ec280000)
  from space 1536K, 70% used [0x00000000ec680000,0x00000000ec790020,0x00000000ec800000)
  to   space 1536K, 0% used [0x00000000ec500000,0x00000000ec500000,0x00000000ec680000)
 ParOldGen       total 126976K, used 123404K [0x00000000c0000000, 0x00000000c7c00000, 0x00000000eab00000)
  object space 126976K, 97% used [0x00000000c0000000,0x00000000c7883320,0x00000000c7c00000)
 Metaspace       used 88451K, committed 89600K, reserved 1179648K
  class space    used 8949K, committed 9408K, reserved 1048576K
}
Event: 5909.593 GC heap after
{Heap after GC invocations=1756 (full 37):
 PSYoungGen      total 25600K, used 1442K [0x00000000eab00000, 0x00000000ec700000, 0x0000000100000000)
  eden space 24064K, 0% used [0x00000000eab00000,0x00000000eab00000,0x00000000ec280000)
  from space 1536K, 93% used [0x00000000ec500000,0x00000000ec668940,0x00000000ec680000)
  to   space 512K, 0% used [0x00000000ec680000,0x00000000ec680000,0x00000000ec700000)
 ParOldGen       total 126976K, used 123404K [0x00000000c0000000, 0x00000000c7c00000, 0x00000000eab00000)
  object space 126976K, 97% used [0x00000000c0000000,0x00000000c7883320,0x00000000c7c00000)
 Metaspace       used 88451K, committed 89600K, reserved 1179648K
  class space    used 8949K, committed 9408K, reserved 1048576K
}
Event: 5909.753 GC heap before
{Heap before GC invocations=1757 (full 37):
 PSYoungGen      total 25600K, used 25506K [0x00000000eab00000, 0x00000000ec700000, 0x0000000100000000)
  eden space 24064K, 100% used [0x00000000eab00000,0x00000000ec280000,0x00000000ec280000)
  from space 1536K, 93% used [0x00000000ec500000,0x00000000ec668940,0x00000000ec680000)
  to   space 512K, 0% used [0x00000000ec680000,0x00000000ec680000,0x00000000ec700000)
 ParOldGen       total 126976K, used 123404K [0x00000000c0000000, 0x00000000c7c00000, 0x00000000eab00000)
  object space 126976K, 97% used [0x00000000c0000000,0x00000000c7883320,0x00000000c7c00000)
 Metaspace       used 88453K, committed 89600K, reserved 1179648K
  class space    used 8949K, committed 9408K, reserved 1048576K
}
Event: 5909.755 GC heap after
{Heap after GC invocations=1757 (full 37):
 PSYoungGen      total 24576K, used 512K [0x00000000eab00000, 0x00000000ec700000, 0x0000000100000000)
  eden space 24064K, 0% used [0x00000000eab00000,0x00000000eab00000,0x00000000ec280000)
  from space 512K, 100% used [0x00000000ec680000,0x00000000ec700000,0x00000000ec700000)
  to   space 1536K, 0% used [0x00000000ec400000,0x00000000ec400000,0x00000000ec580000)
 ParOldGen       total 126976K, used 123793K [0x00000000c0000000, 0x00000000c7c00000, 0x00000000eab00000)
  object space 126976K, 97% used [0x00000000c0000000,0x00000000c78e47e0,0x00000000c7c00000)
 Metaspace       used 88453K, committed 89600K, reserved 1179648K
  class space    used 8949K, committed 9408K, reserved 1048576K
}
Event: 5915.118 GC heap before
{Heap before GC invocations=1758 (full 37):
 PSYoungGen      total 24576K, used 24576K [0x00000000eab00000, 0x00000000ec700000, 0x0000000100000000)
  eden space 24064K, 100% used [0x00000000eab00000,0x00000000ec280000,0x00000000ec280000)
  from space 512K, 100% used [0x00000000ec680000,0x00000000ec700000,0x00000000ec700000)
  to   space 1536K, 0% used [0x00000000ec400000,0x00000000ec400000,0x00000000ec580000)
 ParOldGen       total 126976K, used 123793K [0x00000000c0000000, 0x00000000c7c00000, 0x00000000eab00000)
  object space 126976K, 97% used [0x00000000c0000000,0x00000000c78e47e0,0x00000000c7c00000)
 Metaspace       used 88454K, committed 89600K, reserved 1179648K
  class space    used 8949K, committed 9408K, reserved 1048576K
}
Event: 5915.123 GC heap after
{Heap after GC invocations=1758 (full 37):
 PSYoungGen      total 25600K, used 1534K [0x00000000eab00000, 0x00000000ec880000, 0x0000000100000000)
  eden space 24064K, 0% used [0x00000000eab00000,0x00000000eab00000,0x00000000ec280000)
  from space 1536K, 99% used [0x00000000ec400000,0x00000000ec57fb50,0x00000000ec580000)
  to   space 3072K, 0% used [0x00000000ec580000,0x00000000ec580000,0x00000000ec880000)
 ParOldGen       total 126976K, used 124983K [0x00000000c0000000, 0x00000000c7c00000, 0x00000000eab00000)
  object space 126976K, 98% used [0x00000000c0000000,0x00000000c7a0dc60,0x00000000c7c00000)
 Metaspace       used 88454K, committed 89600K, reserved 1179648K
  class space    used 8949K, committed 9408K, reserved 1048576K
}
Event: 5916.288 GC heap before
{Heap before GC invocations=1759 (full 37):
 PSYoungGen      total 25600K, used 25598K [0x00000000eab00000, 0x00000000ec880000, 0x0000000100000000)
  eden space 24064K, 100% used [0x00000000eab00000,0x00000000ec280000,0x00000000ec280000)
  from space 1536K, 99% used [0x00000000ec400000,0x00000000ec57fb50,0x00000000ec580000)
  to   space 3072K, 0% used [0x00000000ec580000,0x00000000ec580000,0x00000000ec880000)
 ParOldGen       total 126976K, used 124983K [0x00000000c0000000, 0x00000000c7c00000, 0x00000000eab00000)
  object space 126976K, 98% used [0x00000000c0000000,0x00000000c7a0dc60,0x00000000c7c00000)
 Metaspace       used 88458K, committed 89600K, reserved 1179648K
  class space    used 8949K, committed 9408K, reserved 1048576K
}
Event: 5916.291 GC heap after
{Heap after GC invocations=1759 (full 37):
 PSYoungGen      total 26112K, used 1728K [0x00000000eab00000, 0x00000000ec780000, 0x0000000100000000)
  eden space 24064K, 0% used [0x00000000eab00000,0x00000000eab00000,0x00000000ec280000)
  from space 2048K, 84% used [0x00000000ec580000,0x00000000ec730040,0x00000000ec780000)
  to   space 2560K, 0% used [0x00000000ec280000,0x00000000ec280000,0x00000000ec500000)
 ParOldGen       total 126976K, used 125167K [0x00000000c0000000, 0x00000000c7c00000, 0x00000000eab00000)
  object space 126976K, 98% used [0x00000000c0000000,0x00000000c7a3bc60,0x00000000c7c00000)
 Metaspace       used 88458K, committed 89600K, reserved 1179648K
  class space    used 8949K, committed 9408K, reserved 1048576K
}
Event: 5918.757 GC heap before
{Heap before GC invocations=1760 (full 37):
 PSYoungGen      total 26112K, used 25792K [0x00000000eab00000, 0x00000000ec780000, 0x0000000100000000)
  eden space 24064K, 100% used [0x00000000eab00000,0x00000000ec280000,0x00000000ec280000)
  from space 2048K, 84% used [0x00000000ec580000,0x00000000ec730040,0x00000000ec780000)
  to   space 2560K, 0% used [0x00000000ec280000,0x00000000ec280000,0x00000000ec500000)
 ParOldGen       total 126976K, used 125167K [0x00000000c0000000, 0x00000000c7c00000, 0x00000000eab00000)
  object space 126976K, 98% used [0x00000000c0000000,0x00000000c7a3bc60,0x00000000c7c00000)
 Metaspace       used 88549K, committed 89728K, reserved 1179648K
  class space    used 8949K, committed 9408K, reserved 1048576K
}
Event: 5918.761 GC heap after
{Heap after GC invocations=1760 (full 37):
 PSYoungGen      total 26112K, used 1760K [0x00000000eab00000, 0x00000000ec680000, 0x0000000100000000)
  eden space 24064K, 0% used [0x00000000eab00000,0x00000000eab00000,0x00000000ec280000)
  from space 2048K, 85% used [0x00000000ec280000,0x00000000ec438040,0x00000000ec480000)
  to   space 2048K, 0% used [0x00000000ec480000,0x00000000ec480000,0x00000000ec680000)
 ParOldGen       total 126976K, used 125175K [0x00000000c0000000, 0x00000000c7c00000, 0x00000000eab00000)
  object space 126976K, 98% used [0x00000000c0000000,0x00000000c7a3dc60,0x00000000c7c00000)
 Metaspace       used 88549K, committed 89728K, reserved 1179648K
  class space    used 8949K, committed 9408K, reserved 1048576K
}
Event: 5919.803 GC heap before
{Heap before GC invocations=1761 (full 37):
 PSYoungGen      total 26112K, used 25728K [0x00000000eab00000, 0x00000000ec680000, 0x0000000100000000)
  eden space 24064K, 99% used [0x00000000eab00000,0x00000000ec268300,0x00000000ec280000)
  from space 2048K, 85% used [0x00000000ec280000,0x00000000ec438040,0x00000000ec480000)
  to   space 2048K, 0% used [0x00000000ec480000,0x00000000ec480000,0x00000000ec680000)
 ParOldGen       total 126976K, used 125175K [0x00000000c0000000, 0x00000000c7c00000, 0x00000000eab00000)
  object space 126976K, 98% used [0x00000000c0000000,0x00000000c7a3dc60,0x00000000c7c00000)
 Metaspace       used 88549K, committed 89728K, reserved 1179648K
  class space    used 8949K, committed 9408K, reserved 1048576K
}
Event: 5919.805 GC heap after
{Heap after GC invocations=1761 (full 37):
 PSYoungGen      total 25600K, used 2016K [0x00000000eab00000, 0x00000000ec780000, 0x0000000100000000)
  eden space 23552K, 0% used [0x00000000eab00000,0x00000000eab00000,0x00000000ec200000)
  from space 2048K, 98% used [0x00000000ec480000,0x00000000ec678070,0x00000000ec680000)
  to   space 2560K, 0% used [0x00000000ec200000,0x00000000ec200000,0x00000000ec480000)
 ParOldGen       total 126976K, used 125455K [0x00000000c0000000, 0x00000000c7c00000, 0x00000000eab00000)
  object space 126976K, 98% used [0x00000000c0000000,0x00000000c7a83c70,0x00000000c7c00000)
 Metaspace       used 88549K, committed 89728K, reserved 1179648K
  class space    used 8949K, committed 9408K, reserved 1048576K
}
Event: 5940.295 GC heap before
{Heap before GC invocations=1762 (full 37):
 PSYoungGen      total 25600K, used 25568K [0x00000000eab00000, 0x00000000ec780000, 0x0000000100000000)
  eden space 23552K, 100% used [0x00000000eab00000,0x00000000ec200000,0x00000000ec200000)
  from space 2048K, 98% used [0x00000000ec480000,0x00000000ec678070,0x00000000ec680000)
  to   space 2560K, 0% used [0x00000000ec200000,0x00000000ec200000,0x00000000ec480000)
 ParOldGen       total 126976K, used 125455K [0x00000000c0000000, 0x00000000c7c00000, 0x00000000eab00000)
  object space 126976K, 98% used [0x00000000c0000000,0x00000000c7a83c70,0x00000000c7c00000)
 Metaspace       used 88550K, committed 89728K, reserved 1179648K
  class space    used 8949K, committed 9408K, reserved 1048576K
}
Event: 5940.300 GC heap after
{Heap after GC invocations=1762 (full 37):
 PSYoungGen      total 26112K, used 2543K [0x00000000eab00000, 0x00000000ecf00000, 0x0000000100000000)
  eden space 23552K, 0% used [0x00000000eab00000,0x00000000eab00000,0x00000000ec200000)
  from space 2560K, 99% used [0x00000000ec200000,0x00000000ec47be08,0x00000000ec480000)
  to   space 6656K, 0% used [0x00000000ec880000,0x00000000ec880000,0x00000000ecf00000)
 ParOldGen       total 129024K, used 128726K [0x00000000c0000000, 0x00000000c7e00000, 0x00000000eab00000)
  object space 129024K, 99% used [0x00000000c0000000,0x00000000c7db59f8,0x00000000c7e00000)
 Metaspace       used 88550K, committed 89728K, reserved 1179648K
  class space    used 8949K, committed 9408K, reserved 1048576K
}
Event: 5940.300 GC heap before
{Heap before GC invocations=1763 (full 38):
 PSYoungGen      total 26112K, used 2543K [0x00000000eab00000, 0x00000000ecf00000, 0x0000000100000000)
  eden space 23552K, 0% used [0x00000000eab00000,0x00000000eab00000,0x00000000ec200000)
  from space 2560K, 99% used [0x00000000ec200000,0x00000000ec47be08,0x00000000ec480000)
  to   space 6656K, 0% used [0x00000000ec880000,0x00000000ec880000,0x00000000ecf00000)
 ParOldGen       total 129024K, used 128726K [0x00000000c0000000, 0x00000000c7e00000, 0x00000000eab00000)
  object space 129024K, 99% used [0x00000000c0000000,0x00000000c7db59f8,0x00000000c7e00000)
 Metaspace       used 88550K, committed 89728K, reserved 1179648K
  class space    used 8949K, committed 9408K, reserved 1048576K
}

